{"uuid":"598167b5-bdb9-426d-9a6b-e1c119c810a0","historyId":"c99f1ebe5ead0f614c44a8efb95e80eb","testCaseId":"59dee464c5d1f0d8b5e02dc8e27d80e9","fullName":"src/test/resources/Feature files/Datastructure.feature:29","labels":[{"name":"tag","value":"DataStructure"},{"name":"tag","value":"DsAlgo"},{"name":"tag","value":"Sanity"},{"name":"tag","value":"DataStructureTryEditorFunc"},{"name":"host","value":"Cricket"},{"name":"thread","value":"11972@Cricket.TestNG-PoolService-5(34)"},{"name":"feature","value":"DataStructure Module"},{"name":"story","value":"Implementation of DataStructure TryEditor Functionality"},{"name":"suite","value":"DataStructure Module"},{"name":"testClass","value":"Implementation of DataStructure TryEditor Functionality"},{"name":"framework","value":"cucumber4jvm"},{"name":"language","value":"java"},{"name":"gherkin_uri","value":"file:///C:/Users/12017/Desktop/Ela%20Selenium%20Projects/AS_BDD/src/test/resources/Feature%20files/Datastructure.feature"},{"name":"package","value":"src.test.resources.Feature files.Datastructure_feature.DataStructure Module"}],"links":[],"name":"Implementation of DataStructure TryEditor Functionality","status":"broken","statusDetails":{"known":false,"muted":false,"flaky":false,"message":"element not interactable\n  (Session info: chrome=131.0.6778.205)\nBuild info: version: '4.27.0', revision: 'd6e718d134'\nSystem info: os.name: 'Windows 11', os.arch: 'amd64', os.version: '10.0', java.version: '23.0.1'\nDriver info: org.openqa.selenium.chrome.ChromeDriver\nCommand: [96dfaa1c87f83cc05fdddbbad9141803, sendKeysToElement {id=f.F29DE12595B8D4C4F55B7F5D531903EE.d.DA62D4CFD3665FF95C01CF449484C0EC.e.37, value=[Ljava.lang.CharSequence;@24e1299d}]\nCapabilities {acceptInsecureCerts: false, browserName: chrome, browserVersion: 131.0.6778.205, chrome: {chromedriverVersion: 131.0.6778.204 (52183f9e99a..., userDataDir: C:\\Users\\12017\\AppData\\Loca...}, fedcm:accounts: true, goog:chromeOptions: {debuggerAddress: localhost:51803}, networkConnectionEnabled: false, pageLoadStrategy: normal, platformName: windows, proxy: Proxy(), se:cdp: ws://localhost:51803/devtoo..., se:cdpVersion: 131.0.6778.205, setWindowRect: true, strictFileInteractability: false, timeouts: {implicit: 0, pageLoad: 300000, script: 30000}, unhandledPromptBehavior: dismiss and notify, webauthn:extension:credBlob: true, webauthn:extension:largeBlob: true, webauthn:extension:minPinLength: true, webauthn:extension:prf: true, webauthn:virtualAuthenticators: true}\nElement: [[ChromeDriver: chrome on windows (96dfaa1c87f83cc05fdddbbad9141803)] -> xpath: //div[@class='input']/div/div/textarea]\nSession ID: 96dfaa1c87f83cc05fdddbbad9141803","trace":"org.openqa.selenium.ElementNotInteractableException: element not interactable\n  (Session info: chrome=131.0.6778.205)\nBuild info: version: '4.27.0', revision: 'd6e718d134'\nSystem info: os.name: 'Windows 11', os.arch: 'amd64', os.version: '10.0', java.version: '23.0.1'\nDriver info: org.openqa.selenium.chrome.ChromeDriver\nCommand: [96dfaa1c87f83cc05fdddbbad9141803, sendKeysToElement {id=f.F29DE12595B8D4C4F55B7F5D531903EE.d.DA62D4CFD3665FF95C01CF449484C0EC.e.37, value=[Ljava.lang.CharSequence;@24e1299d}]\nCapabilities {acceptInsecureCerts: false, browserName: chrome, browserVersion: 131.0.6778.205, chrome: {chromedriverVersion: 131.0.6778.204 (52183f9e99a..., userDataDir: C:\\Users\\12017\\AppData\\Loca...}, fedcm:accounts: true, goog:chromeOptions: {debuggerAddress: localhost:51803}, networkConnectionEnabled: false, pageLoadStrategy: normal, platformName: windows, proxy: Proxy(), se:cdp: ws://localhost:51803/devtoo..., se:cdpVersion: 131.0.6778.205, setWindowRect: true, strictFileInteractability: false, timeouts: {implicit: 0, pageLoad: 300000, script: 30000}, unhandledPromptBehavior: dismiss and notify, webauthn:extension:credBlob: true, webauthn:extension:largeBlob: true, webauthn:extension:minPinLength: true, webauthn:extension:prf: true, webauthn:virtualAuthenticators: true}\nElement: [[ChromeDriver: chrome on windows (96dfaa1c87f83cc05fdddbbad9141803)] -> xpath: //div[@class='input']/div/div/textarea]\nSession ID: 96dfaa1c87f83cc05fdddbbad9141803\r\n\tat java.base/jdk.internal.reflect.DirectConstructorHandleAccessor.newInstance(DirectConstructorHandleAccessor.java:62)\r\n\tat java.base/java.lang.reflect.Constructor.newInstanceWithCaller(Constructor.java:501)\r\n\tat java.base/java.lang.reflect.Constructor.newInstance(Constructor.java:485)\r\n\tat org.openqa.selenium.remote.ErrorCodec.decode(ErrorCodec.java:167)\r\n\tat org.openqa.selenium.remote.codec.w3c.W3CHttpResponseCodec.decode(W3CHttpResponseCodec.java:138)\r\n\tat org.openqa.selenium.remote.codec.w3c.W3CHttpResponseCodec.decode(W3CHttpResponseCodec.java:50)\r\n\tat org.openqa.selenium.remote.HttpCommandExecutor.execute(HttpCommandExecutor.java:190)\r\n\tat org.openqa.selenium.remote.service.DriverCommandExecutor.invokeExecute(DriverCommandExecutor.java:216)\r\n\tat org.openqa.selenium.remote.service.DriverCommandExecutor.execute(DriverCommandExecutor.java:174)\r\n\tat org.openqa.selenium.remote.RemoteWebDriver.execute(RemoteWebDriver.java:545)\r\n\tat org.openqa.selenium.remote.RemoteWebElement.execute(RemoteWebElement.java:223)\r\n\tat org.openqa.selenium.remote.RemoteWebElement.sendKeys(RemoteWebElement.java:110)\r\n\tat java.base/jdk.internal.reflect.DirectMethodHandleAccessor.invoke(DirectMethodHandleAccessor.java:103)\r\n\tat java.base/java.lang.reflect.Method.invoke(Method.java:580)\r\n\tat org.openqa.selenium.support.pagefactory.internal.LocatingElementHandler.invoke(LocatingElementHandler.java:51)\r\n\tat jdk.proxy2/jdk.proxy2.$Proxy31.sendKeys(Unknown Source)\r\n\tat pages.Tree_Page.TextEditor(Tree_Page.java:141)\r\n\tat stepDefinitions.Tree_Step.the_user_enters_the_invalid_code1_in_text_editor_and_clicks_run_button(Tree_Step.java:113)\r\n\tat ✽.The user enters the Invalid code1 in Text Editor and clicks RUN button(file:///C:/Users/12017/Desktop/Ela%20Selenium%20Projects/AS_BDD/src/test/resources/Feature%20files/Datastructure.feature:22)\r\n"},"stage":"finished","steps":[{"name":"Given The user logged in to dsAlgo Portal and should be in DataStructure Page","status":"passed","statusDetails":{"known":false,"muted":false,"flaky":false},"stage":"finished","steps":[],"attachments":[],"parameters":[],"start":1734669108927,"stop":1734669116276},{"name":"Given The user is on the Try Editor DataStructure in timeComplixity page","status":"passed","statusDetails":{"known":false,"muted":false,"flaky":false},"stage":"finished","steps":[],"attachments":[],"parameters":[],"start":1734669116276,"stop":1734669131431},{"name":"When The user enters the Invalid code1 in Text Editor and clicks RUN button","status":"broken","statusDetails":{"known":false,"muted":false,"flaky":false,"message":"element not interactable\n  (Session info: chrome=131.0.6778.205)\nBuild info: version: '4.27.0', revision: 'd6e718d134'\nSystem info: os.name: 'Windows 11', os.arch: 'amd64', os.version: '10.0', java.version: '23.0.1'\nDriver info: org.openqa.selenium.chrome.ChromeDriver\nCommand: [96dfaa1c87f83cc05fdddbbad9141803, sendKeysToElement {id=f.F29DE12595B8D4C4F55B7F5D531903EE.d.DA62D4CFD3665FF95C01CF449484C0EC.e.37, value=[Ljava.lang.CharSequence;@24e1299d}]\nCapabilities {acceptInsecureCerts: false, browserName: chrome, browserVersion: 131.0.6778.205, chrome: {chromedriverVersion: 131.0.6778.204 (52183f9e99a..., userDataDir: C:\\Users\\12017\\AppData\\Loca...}, fedcm:accounts: true, goog:chromeOptions: {debuggerAddress: localhost:51803}, networkConnectionEnabled: false, pageLoadStrategy: normal, platformName: windows, proxy: Proxy(), se:cdp: ws://localhost:51803/devtoo..., se:cdpVersion: 131.0.6778.205, setWindowRect: true, strictFileInteractability: false, timeouts: {implicit: 0, pageLoad: 300000, script: 30000}, unhandledPromptBehavior: dismiss and notify, webauthn:extension:credBlob: true, webauthn:extension:largeBlob: true, webauthn:extension:minPinLength: true, webauthn:extension:prf: true, webauthn:virtualAuthenticators: true}\nElement: [[ChromeDriver: chrome on windows (96dfaa1c87f83cc05fdddbbad9141803)] -> xpath: //div[@class='input']/div/div/textarea]\nSession ID: 96dfaa1c87f83cc05fdddbbad9141803","trace":"org.openqa.selenium.ElementNotInteractableException: element not interactable\n  (Session info: chrome=131.0.6778.205)\nBuild info: version: '4.27.0', revision: 'd6e718d134'\nSystem info: os.name: 'Windows 11', os.arch: 'amd64', os.version: '10.0', java.version: '23.0.1'\nDriver info: org.openqa.selenium.chrome.ChromeDriver\nCommand: [96dfaa1c87f83cc05fdddbbad9141803, sendKeysToElement {id=f.F29DE12595B8D4C4F55B7F5D531903EE.d.DA62D4CFD3665FF95C01CF449484C0EC.e.37, value=[Ljava.lang.CharSequence;@24e1299d}]\nCapabilities {acceptInsecureCerts: false, browserName: chrome, browserVersion: 131.0.6778.205, chrome: {chromedriverVersion: 131.0.6778.204 (52183f9e99a..., userDataDir: C:\\Users\\12017\\AppData\\Loca...}, fedcm:accounts: true, goog:chromeOptions: {debuggerAddress: localhost:51803}, networkConnectionEnabled: false, pageLoadStrategy: normal, platformName: windows, proxy: Proxy(), se:cdp: ws://localhost:51803/devtoo..., se:cdpVersion: 131.0.6778.205, setWindowRect: true, strictFileInteractability: false, timeouts: {implicit: 0, pageLoad: 300000, script: 30000}, unhandledPromptBehavior: dismiss and notify, webauthn:extension:credBlob: true, webauthn:extension:largeBlob: true, webauthn:extension:minPinLength: true, webauthn:extension:prf: true, webauthn:virtualAuthenticators: true}\nElement: [[ChromeDriver: chrome on windows (96dfaa1c87f83cc05fdddbbad9141803)] -> xpath: //div[@class='input']/div/div/textarea]\nSession ID: 96dfaa1c87f83cc05fdddbbad9141803\r\n\tat java.base/jdk.internal.reflect.DirectConstructorHandleAccessor.newInstance(DirectConstructorHandleAccessor.java:62)\r\n\tat java.base/java.lang.reflect.Constructor.newInstanceWithCaller(Constructor.java:501)\r\n\tat java.base/java.lang.reflect.Constructor.newInstance(Constructor.java:485)\r\n\tat org.openqa.selenium.remote.ErrorCodec.decode(ErrorCodec.java:167)\r\n\tat org.openqa.selenium.remote.codec.w3c.W3CHttpResponseCodec.decode(W3CHttpResponseCodec.java:138)\r\n\tat org.openqa.selenium.remote.codec.w3c.W3CHttpResponseCodec.decode(W3CHttpResponseCodec.java:50)\r\n\tat org.openqa.selenium.remote.HttpCommandExecutor.execute(HttpCommandExecutor.java:190)\r\n\tat org.openqa.selenium.remote.service.DriverCommandExecutor.invokeExecute(DriverCommandExecutor.java:216)\r\n\tat org.openqa.selenium.remote.service.DriverCommandExecutor.execute(DriverCommandExecutor.java:174)\r\n\tat org.openqa.selenium.remote.RemoteWebDriver.execute(RemoteWebDriver.java:545)\r\n\tat org.openqa.selenium.remote.RemoteWebElement.execute(RemoteWebElement.java:223)\r\n\tat org.openqa.selenium.remote.RemoteWebElement.sendKeys(RemoteWebElement.java:110)\r\n\tat java.base/jdk.internal.reflect.DirectMethodHandleAccessor.invoke(DirectMethodHandleAccessor.java:103)\r\n\tat java.base/java.lang.reflect.Method.invoke(Method.java:580)\r\n\tat org.openqa.selenium.support.pagefactory.internal.LocatingElementHandler.invoke(LocatingElementHandler.java:51)\r\n\tat jdk.proxy2/jdk.proxy2.$Proxy31.sendKeys(Unknown Source)\r\n\tat pages.Tree_Page.TextEditor(Tree_Page.java:141)\r\n\tat stepDefinitions.Tree_Step.the_user_enters_the_invalid_code1_in_text_editor_and_clicks_run_button(Tree_Step.java:113)\r\n\tat ✽.The user enters the Invalid code1 in Text Editor and clicks RUN button(file:///C:/Users/12017/Desktop/Ela%20Selenium%20Projects/AS_BDD/src/test/resources/Feature%20files/Datastructure.feature:22)\r\n"},"stage":"finished","steps":[],"attachments":[],"parameters":[],"start":1734669131432,"stop":1734669146983},{"name":"Then The nameerror pop up alert message should be displayed","status":"skipped","statusDetails":{"known":false,"muted":false,"flaky":false},"stage":"finished","steps":[],"attachments":[],"parameters":[],"start":1734669146985,"stop":1734669146996}],"attachments":[],"parameters":[{"name":"code","value":"Invalid code1"},{"name":"alert","value":"nameerror pop up alert message"}],"start":1734669078486,"stop":1734669151984}