<?xml version="1.0" encoding="UTF-8"?>
<!-- Generated by org.testng.reporters.JUnitXMLReporter -->
<testsuite ignored="0" hostname="Cricket" failures="1" tests="6" name="Testedge" time="22.661" errors="0" timestamp="2024-12-20T00:37:08 CST">
  <testcase classname="io.cucumber.testng.AbstractTestNGCucumberTests" name="runScenario" time="21.558"/>
  <testcase classname="io.cucumber.testng.AbstractTestNGCucumberTests" name="runScenario" time="21.948"/>
  <testcase classname="io.cucumber.testng.AbstractTestNGCucumberTests" name="runScenario" time="22.215">
    <failure type="java.lang.RuntimeException" message="Error initializing Excel data: java.io.EOFException: Unexpected end of ZLIB input stream">
      <![CDATA[java.lang.RuntimeException: Error initializing Excel data: java.io.EOFException: Unexpected end of ZLIB input stream
at appHook.Hooks.setUp(Hooks.java:42)
]]>
    </failure>
  </testcase> <!-- runScenario -->
  <testcase classname="io.cucumber.testng.AbstractTestNGCucumberTests" name="runScenario" time="22.313"/>
  <testcase classname="io.cucumber.testng.AbstractTestNGCucumberTests" name="runScenario" time="22.382"/>
  <testcase classname="io.cucumber.testng.AbstractTestNGCucumberTests" name="runScenario" time="22.451"/>
</testsuite> <!-- Testedge -->
