<?xml version="1.0" encoding="UTF-8"?>
<!-- Generated by org.testng.reporters.JUnitXMLReporter -->
<testsuite ignored="0" hostname="Cricket" failures="3" tests="6" name="TestChrome" time="27.881" errors="0" timestamp="2024-12-20T00:36:10 CST">
  <testcase classname="io.cucumber.testng.AbstractTestNGCucumberTests" name="runScenario" time="20.518"/>
  <testcase classname="io.cucumber.testng.AbstractTestNGCucumberTests" name="runScenario" time="20.596">
    <failure type="java.lang.RuntimeException" message="Error initializing Excel data: Fail to save: an error occurs while saving the package : The part /xl/worksheets/sheet3.xml failed to be saved in the stream with marshaller org.apache.poi.openxml4j.opc.internal.marshallers.DefaultMarshaller@7fc9ca1. Enable logging via Log4j 2 for more details.">
      <![CDATA[java.lang.RuntimeException: Error initializing Excel data: Fail to save: an error occurs while saving the package : The part /xl/worksheets/sheet3.xml failed to be saved in the stream with marshaller org.apache.poi.openxml4j.opc.internal.marshallers.DefaultMarshaller@7fc9ca1. Enable logging via Log4j 2 for more details.
at appHook.Hooks.setUp(Hooks.java:42)
]]>
    </failure>
  </testcase> <!-- runScenario -->
  <testcase classname="io.cucumber.testng.AbstractTestNGCucumberTests" name="runScenario" time="20.703"/>
  <testcase classname="io.cucumber.testng.AbstractTestNGCucumberTests" name="runScenario" time="20.841"/>
  <testcase classname="io.cucumber.testng.AbstractTestNGCucumberTests" name="runScenario" time="21.944">
    <failure type="java.lang.RuntimeException" message="Error initializing Excel data: org.apache.poi.openxml4j.exceptions.InvalidFormatException: Can&amp;apos;t read content types part !">
      <![CDATA[java.lang.RuntimeException: Error initializing Excel data: org.apache.poi.openxml4j.exceptions.InvalidFormatException: Can't read content types part !
at appHook.Hooks.setUp(Hooks.java:42)
]]>
    </failure>
  </testcase> <!-- runScenario -->
  <testcase classname="io.cucumber.testng.AbstractTestNGCucumberTests" name="runScenario" time="22.051">
    <failure type="java.lang.RuntimeException" message="Error initializing Excel data: org.apache.poi.openxml4j.exceptions.InvalidFormatException: Failed to parse relationships">
      <![CDATA[java.lang.RuntimeException: Error initializing Excel data: org.apache.poi.openxml4j.exceptions.InvalidFormatException: Failed to parse relationships
at appHook.Hooks.setUp(Hooks.java:42)
]]>
    </failure>
  </testcase> <!-- runScenario -->
</testsuite> <!-- TestChrome -->
